#-----------------------------------------------------------
# Vivado v2020.1 (64-bit)
# SW Build 2902540 on Wed May 27 19:54:49 MDT 2020
# IP Build 2902112 on Wed May 27 22:43:36 MDT 2020
# Start of session at: Sat Oct 17 13:24:59 2020
# Process ID: 22756
# Current directory: C:/Users/ammic/OneDrive/Documents/GitHub/Lab08/Lab08_project
# Command line: vivado.exe -gui_launcher_event rodinguilauncherevent1420 C:\Users\ammic\OneDrive\Documents\GitHub\Lab08\Lab08_project\Lab08_project.xpr
# Log file: C:/Users/ammic/OneDrive/Documents/GitHub/Lab08/Lab08_project/vivado.log
# Journal file: C:/Users/ammic/OneDrive/Documents/GitHub/Lab08/Lab08_project\vivado.jou
#-----------------------------------------------------------
start_gui
open_project C:/Users/ammic/OneDrive/Documents/GitHub/Lab08/Lab08_project/Lab08_project.xpr
INFO: [Project 1-313] Project file moved from 'C:/Users/aaron_mendoza1/Documents/GitHub/Lab08/Lab08_project' since last save.
Scanning sources...
Finished scanning sources
WARNING: [filemgmt 56-2] Default IP Output Path : Could not find the directory 'C:/Users/ammic/OneDrive/Documents/GitHub/Lab08/Lab08_project/Lab08_project.srcs/sources_1', nor could it be found using path 'C:/Users/aaron_mendoza1/Documents/GitHub/Lab08/Lab08_project/Lab08_project.srcs/sources_1'.
INFO: [IP_Flow 19-234] Refreshing IP repositories
INFO: [IP_Flow 19-1704] No user IP repositories specified
INFO: [IP_Flow 19-2313] Loaded Vivado IP repository 'C:/Xilinx/Vivado/2020.1/data/ip'.
open_project: Time (s): cpu = 00:00:33 ; elapsed = 00:00:15 . Memory (MB): peak = 1016.211 ; gain = 0.000
